2020-10-04 12:08:41,216 - INFO - ImageDataset(fits_index=None, window_size=128, window_shift=None, display_image_size=128, band_prefixes=[], bands_rgb={}, transform_function=None, display_transform_function=None, plot_square=False, catalogue=       index  objid                         original_image    flux_g  \
0          0      0  z-legacysurvey-0267m055-image.fits.fz  4.599823   
1          1      1  z-legacysurvey-0267m055-image.fits.fz  0.891017   
2          2      2  z-legacysurvey-0267m055-image.fits.fz  0.676702   
3          3      3  z-legacysurvey-0267m055-image.fits.fz  0.042543   
4          4      4  z-legacysurvey-0267m055-image.fits.fz  4.975256   
...      ...    ...                                    ...       ...   
41409   7759  41409  z-legacysurvey-0267m097-image.fits.fz  0.927698   
41410   7761  41410  z-legacysurvey-0267m097-image.fits.fz  0.021620   
41411   7763  41411  z-legacysurvey-0267m097-image.fits.fz  0.097634   
41412   7767  41412  z-legacysurvey-0267m097-image.fits.fz  0.234619   
41413   7769  41413  z-legacysurvey-0267m097-image.fits.fz  0.039774   

          flux_r     flux_z     x     y         ra       dec  type  
0      11.780396  22.910582   967    34  26.797254 -5.628483  EXP   
1       2.780183   8.695500   962    73  26.797641 -5.625607  REX   
2       1.608683   4.078941   932   117  26.799828 -5.622403  REX   
3       0.319040   2.364341   978    57  26.796466 -5.626809  REX   
4       9.013798  13.551513  1058     0  26.790606 -5.630930  EXP   
...          ...        ...   ...   ...        ...       ...   ...  
41409   2.323367   3.712649  1987  3522  26.732593 -9.624581  REX   
41410   0.163782   0.357528   601  3517  26.834893 -9.624991  REX   
41411   0.143542   0.318315  3350  3521  26.632009 -9.624648  REX   
41412   0.391112   0.414931   902  3533  26.812658 -9.623805  EXP   
41413   0.293591   1.182975  2967  3535  26.660279 -9.623669  REX   

[41414 rows x 11 columns], plot_cmap=hot)
2020-10-04 12:08:41,216 - ERROR - No images found, Astronomaly cannot proceed.
2020-10-04 12:11:15,958 - INFO - ImageDataset(fits_index=None, window_size=128, window_shift=None, display_image_size=128, band_prefixes=[], bands_rgb={}, transform_function=None, display_transform_function=None, plot_square=False, catalogue=       index  objid                         original_image    flux_g  \
0          0      0  z-legacysurvey-0267m055-image.fits.fz  4.599823   
1          1      1  z-legacysurvey-0267m055-image.fits.fz  0.891017   
2          2      2  z-legacysurvey-0267m055-image.fits.fz  0.676702   
3          3      3  z-legacysurvey-0267m055-image.fits.fz  0.042543   
4          4      4  z-legacysurvey-0267m055-image.fits.fz  4.975256   
...      ...    ...                                    ...       ...   
41409   7759  41409  z-legacysurvey-0267m097-image.fits.fz  0.927698   
41410   7761  41410  z-legacysurvey-0267m097-image.fits.fz  0.021620   
41411   7763  41411  z-legacysurvey-0267m097-image.fits.fz  0.097634   
41412   7767  41412  z-legacysurvey-0267m097-image.fits.fz  0.234619   
41413   7769  41413  z-legacysurvey-0267m097-image.fits.fz  0.039774   

          flux_r     flux_z     x     y         ra       dec  type  
0      11.780396  22.910582   967    34  26.797254 -5.628483  EXP   
1       2.780183   8.695500   962    73  26.797641 -5.625607  REX   
2       1.608683   4.078941   932   117  26.799828 -5.622403  REX   
3       0.319040   2.364341   978    57  26.796466 -5.626809  REX   
4       9.013798  13.551513  1058     0  26.790606 -5.630930  EXP   
...          ...        ...   ...   ...        ...       ...   ...  
41409   2.323367   3.712649  1987  3522  26.732593 -9.624581  REX   
41410   0.163782   0.357528   601  3517  26.834893 -9.624991  REX   
41411   0.143542   0.318315  3350  3521  26.632009 -9.624648  REX   
41412   0.391112   0.414931   902  3533  26.812658 -9.623805  EXP   
41413   0.293591   1.182975  2967  3535  26.660279 -9.623669  REX   

[41414 rows x 11 columns], plot_cmap=hot)
2020-10-04 12:11:15,959 - ERROR - No images found, Astronomaly cannot proceed.
2020-10-04 12:16:14,881 - INFO - ImageDataset(fits_index=None, window_size=128, window_shift=None, display_image_size=128, band_prefixes=[], bands_rgb={}, transform_function=None, display_transform_function=None, plot_square=False, catalogue=       index  objid                         original_image    flux_g  \
0          0      0  z-legacysurvey-0267m055-image.fits.fz  4.599823   
1          1      1  z-legacysurvey-0267m055-image.fits.fz  0.891017   
2          2      2  z-legacysurvey-0267m055-image.fits.fz  0.676702   
3          3      3  z-legacysurvey-0267m055-image.fits.fz  0.042543   
4          4      4  z-legacysurvey-0267m055-image.fits.fz  4.975256   
...      ...    ...                                    ...       ...   
41409   7759  41409  z-legacysurvey-0267m097-image.fits.fz  0.927698   
41410   7761  41410  z-legacysurvey-0267m097-image.fits.fz  0.021620   
41411   7763  41411  z-legacysurvey-0267m097-image.fits.fz  0.097634   
41412   7767  41412  z-legacysurvey-0267m097-image.fits.fz  0.234619   
41413   7769  41413  z-legacysurvey-0267m097-image.fits.fz  0.039774   

          flux_r     flux_z     x     y         ra       dec  type  
0      11.780396  22.910582   967    34  26.797254 -5.628483  EXP   
1       2.780183   8.695500   962    73  26.797641 -5.625607  REX   
2       1.608683   4.078941   932   117  26.799828 -5.622403  REX   
3       0.319040   2.364341   978    57  26.796466 -5.626809  REX   
4       9.013798  13.551513  1058     0  26.790606 -5.630930  EXP   
...          ...        ...   ...   ...        ...       ...   ...  
41409   2.323367   3.712649  1987  3522  26.732593 -9.624581  REX   
41410   0.163782   0.357528   601  3517  26.834893 -9.624991  REX   
41411   0.143542   0.318315  3350  3521  26.632009 -9.624648  REX   
41412   0.391112   0.414931   902  3533  26.812658 -9.623805  EXP   
41413   0.293591   1.182975  2967  3535  26.660279 -9.623669  REX   

[41414 rows x 11 columns], plot_cmap=hot)
2020-10-04 12:16:14,881 - ERROR - No images found, Astronomaly cannot proceed.
2020-10-04 12:19:11,281 - INFO - ImageDataset(fits_index=None, window_size=128, window_shift=None, display_image_size=128, band_prefixes=[], bands_rgb={}, transform_function=None, display_transform_function=None, plot_square=False, catalogue=       index  objid                       original_image    flux_g     flux_r  \
0          0      0  legacysurvey-0267m055-image.fits.fz  4.599823  11.780396   
1          1      1  legacysurvey-0267m055-image.fits.fz  0.891017   2.780183   
2          2      2  legacysurvey-0267m055-image.fits.fz  0.676702   1.608683   
3          3      3  legacysurvey-0267m055-image.fits.fz  0.042543   0.319040   
4          4      4  legacysurvey-0267m055-image.fits.fz  4.975256   9.013798   
...      ...    ...                                  ...       ...        ...   
41409   7759  41409  legacysurvey-0267m097-image.fits.fz  0.927698   2.323367   
41410   7761  41410  legacysurvey-0267m097-image.fits.fz  0.021620   0.163782   
41411   7763  41411  legacysurvey-0267m097-image.fits.fz  0.097634   0.143542   
41412   7767  41412  legacysurvey-0267m097-image.fits.fz  0.234619   0.391112   
41413   7769  41413  legacysurvey-0267m097-image.fits.fz  0.039774   0.293591   

          flux_z     x     y         ra       dec  type  
0      22.910582   967    34  26.797254 -5.628483  EXP   
1       8.695500   962    73  26.797641 -5.625607  REX   
2       4.078941   932   117  26.799828 -5.622403  REX   
3       2.364341   978    57  26.796466 -5.626809  REX   
4      13.551513  1058     0  26.790606 -5.630930  EXP   
...          ...   ...   ...        ...       ...   ...  
41409   3.712649  1987  3522  26.732593 -9.624581  REX   
41410   0.357528   601  3517  26.834893 -9.624991  REX   
41411   0.318315  3350  3521  26.632009 -9.624648  REX   
41412   0.414931   902  3533  26.812658 -9.623805  EXP   
41413   1.182975  2967  3535  26.660279 -9.623669  REX   

[41414 rows x 11 columns], plot_cmap=hot)
2020-10-04 12:19:11,281 - ERROR - No images found, Astronomaly cannot proceed.
2020-10-04 12:22:14,137 - INFO - ImageDataset(fits_index=None, window_size=128, window_shift=None, display_image_size=128, band_prefixes=[], bands_rgb={}, transform_function=None, display_transform_function=None, plot_square=False, catalogue=       index  objid                       original_image    flux_g     flux_r  \
0          0      0  legacysurvey-0267m055-image.fits.fz  4.599823  11.780396   
1          1      1  legacysurvey-0267m055-image.fits.fz  0.891017   2.780183   
2          2      2  legacysurvey-0267m055-image.fits.fz  0.676702   1.608683   
3          3      3  legacysurvey-0267m055-image.fits.fz  0.042543   0.319040   
4          4      4  legacysurvey-0267m055-image.fits.fz  4.975256   9.013798   
...      ...    ...                                  ...       ...        ...   
41409   7759  41409  legacysurvey-0267m097-image.fits.fz  0.927698   2.323367   
41410   7761  41410  legacysurvey-0267m097-image.fits.fz  0.021620   0.163782   
41411   7763  41411  legacysurvey-0267m097-image.fits.fz  0.097634   0.143542   
41412   7767  41412  legacysurvey-0267m097-image.fits.fz  0.234619   0.391112   
41413   7769  41413  legacysurvey-0267m097-image.fits.fz  0.039774   0.293591   

          flux_z     x     y         ra       dec  type  
0      22.910582   967    34  26.797254 -5.628483  EXP   
1       8.695500   962    73  26.797641 -5.625607  REX   
2       4.078941   932   117  26.799828 -5.622403  REX   
3       2.364341   978    57  26.796466 -5.626809  REX   
4      13.551513  1058     0  26.790606 -5.630930  EXP   
...          ...   ...   ...        ...       ...   ...  
41409   3.712649  1987  3522  26.732593 -9.624581  REX   
41410   0.357528   601  3517  26.834893 -9.624991  REX   
41411   0.318315  3350  3521  26.632009 -9.624648  REX   
41412   0.414931   902  3533  26.812658 -9.623805  EXP   
41413   1.182975  2967  3535  26.660279 -9.623669  REX   

[41414 rows x 11 columns], plot_cmap=hot)
2020-10-04 12:22:14,137 - ERROR - No images found, Astronomaly cannot proceed.
2020-10-04 12:34:46,286 - INFO - ImageDataset(fits_index=None, window_size=128, window_shift=None, display_image_size=128, band_prefixes=[], bands_rgb={}, transform_function=None, display_transform_function=None, plot_square=False, catalogue=       index  objid                       original_image    flux_g     flux_r  \
0          0      0  legacysurvey-0267m055-image.fits.fz  4.599823  11.780396   
1          1      1  legacysurvey-0267m055-image.fits.fz  0.891017   2.780183   
2          2      2  legacysurvey-0267m055-image.fits.fz  0.676702   1.608683   
3          3      3  legacysurvey-0267m055-image.fits.fz  0.042543   0.319040   
4          4      4  legacysurvey-0267m055-image.fits.fz  4.975256   9.013798   
...      ...    ...                                  ...       ...        ...   
41409   7759   7759  legacysurvey-0267m097-image.fits.fz  0.927698   2.323367   
41410   7761   7761  legacysurvey-0267m097-image.fits.fz  0.021620   0.163782   
41411   7763   7763  legacysurvey-0267m097-image.fits.fz  0.097634   0.143542   
41412   7767   7767  legacysurvey-0267m097-image.fits.fz  0.234619   0.391112   
41413   7769   7769  legacysurvey-0267m097-image.fits.fz  0.039774   0.293591   

          flux_z     x     y         ra       dec  type  
0      22.910582   967    34  26.797254 -5.628483  EXP   
1       8.695500   962    73  26.797641 -5.625607  REX   
2       4.078941   932   117  26.799828 -5.622403  REX   
3       2.364341   978    57  26.796466 -5.626809  REX   
4      13.551513  1058     0  26.790606 -5.630930  EXP   
...          ...   ...   ...        ...       ...   ...  
41409   3.712649  1987  3522  26.732593 -9.624581  REX   
41410   0.357528   601  3517  26.834893 -9.624991  REX   
41411   0.318315  3350  3521  26.632009 -9.624648  REX   
41412   0.414931   902  3533  26.812658 -9.623805  EXP   
41413   1.182975  2967  3535  26.660279 -9.623669  REX   

[41414 rows x 11 columns], plot_cmap=hot)
2020-10-04 12:34:46,287 - ERROR - No images found, Astronomaly cannot proceed.
2020-10-04 12:35:53,591 - INFO - ImageDataset(fits_index=None, window_size=128, window_shift=None, display_image_size=128, band_prefixes=[], bands_rgb={}, transform_function=None, display_transform_function=None, plot_square=False, catalogue=       index  objid                       original_image    flux_g     flux_r  \
0          0      0  legacysurvey-0267m055-image.fits.fz  4.599823  11.780396   
1          1      1  legacysurvey-0267m055-image.fits.fz  0.891017   2.780183   
2          2      2  legacysurvey-0267m055-image.fits.fz  0.676702   1.608683   
3          3      3  legacysurvey-0267m055-image.fits.fz  0.042543   0.319040   
4          4      4  legacysurvey-0267m055-image.fits.fz  4.975256   9.013798   
...      ...    ...                                  ...       ...        ...   
41409   7759   7759  legacysurvey-0267m097-image.fits.fz  0.927698   2.323367   
41410   7761   7761  legacysurvey-0267m097-image.fits.fz  0.021620   0.163782   
41411   7763   7763  legacysurvey-0267m097-image.fits.fz  0.097634   0.143542   
41412   7767   7767  legacysurvey-0267m097-image.fits.fz  0.234619   0.391112   
41413   7769   7769  legacysurvey-0267m097-image.fits.fz  0.039774   0.293591   

          flux_z     x     y         ra       dec  type  
0      22.910582   967    34  26.797254 -5.628483  EXP   
1       8.695500   962    73  26.797641 -5.625607  REX   
2       4.078941   932   117  26.799828 -5.622403  REX   
3       2.364341   978    57  26.796466 -5.626809  REX   
4      13.551513  1058     0  26.790606 -5.630930  EXP   
...          ...   ...   ...        ...       ...   ...  
41409   3.712649  1987  3522  26.732593 -9.624581  REX   
41410   0.357528   601  3517  26.834893 -9.624991  REX   
41411   0.318315  3350  3521  26.632009 -9.624648  REX   
41412   0.414931   902  3533  26.812658 -9.623805  EXP   
41413   1.182975  2967  3535  26.660279 -9.623669  REX   

[41414 rows x 11 columns], plot_cmap=hot)
2020-10-04 12:35:53,591 - ERROR - No images found, Astronomaly cannot proceed.
2020-10-04 12:38:50,421 - INFO - ImageDataset(fits_index=None, window_size=128, window_shift=None, display_image_size=128, band_prefixes=[], bands_rgb={}, transform_function=None, display_transform_function=None, plot_square=False, catalogue=       index  objid                       original_image    flux_g     flux_r  \
0          0      0  legacysurvey-0267m055-image.fits.fz  4.599823  11.780396   
1          1      1  legacysurvey-0267m055-image.fits.fz  0.891017   2.780183   
2          2      2  legacysurvey-0267m055-image.fits.fz  0.676702   1.608683   
3          3      3  legacysurvey-0267m055-image.fits.fz  0.042543   0.319040   
4          4      4  legacysurvey-0267m055-image.fits.fz  4.975256   9.013798   
...      ...    ...                                  ...       ...        ...   
41409   7759   7759  legacysurvey-0267m097-image.fits.fz  0.927698   2.323367   
41410   7761   7761  legacysurvey-0267m097-image.fits.fz  0.021620   0.163782   
41411   7763   7763  legacysurvey-0267m097-image.fits.fz  0.097634   0.143542   
41412   7767   7767  legacysurvey-0267m097-image.fits.fz  0.234619   0.391112   
41413   7769   7769  legacysurvey-0267m097-image.fits.fz  0.039774   0.293591   

          flux_z     x     y         ra       dec  type  
0      22.910582   967    34  26.797254 -5.628483  EXP   
1       8.695500   962    73  26.797641 -5.625607  REX   
2       4.078941   932   117  26.799828 -5.622403  REX   
3       2.364341   978    57  26.796466 -5.626809  REX   
4      13.551513  1058     0  26.790606 -5.630930  EXP   
...          ...   ...   ...        ...       ...   ...  
41409   3.712649  1987  3522  26.732593 -9.624581  REX   
41410   0.357528   601  3517  26.834893 -9.624991  REX   
41411   0.318315  3350  3521  26.632009 -9.624648  REX   
41412   0.414931   902  3533  26.812658 -9.623805  EXP   
41413   1.182975  2967  3535  26.660279 -9.623669  REX   

[41414 rows x 11 columns], plot_cmap=hot)
2020-10-04 12:38:50,421 - ERROR - No images found, Astronomaly cannot proceed.
2020-10-04 12:42:21,074 - INFO - ImageDataset(fits_index=None, window_size=128, window_shift=None, display_image_size=128, band_prefixes=[], bands_rgb={}, transform_function=None, display_transform_function=None, plot_square=False, catalogue=       index  objid                       original_image    flux_g     flux_r  \
0          0      0  legacysurvey-0267m055-image.fits.fz  4.599823  11.780396   
1          1      1  legacysurvey-0267m055-image.fits.fz  0.891017   2.780183   
2          2      2  legacysurvey-0267m055-image.fits.fz  0.676702   1.608683   
3          3      3  legacysurvey-0267m055-image.fits.fz  0.042543   0.319040   
4          4      4  legacysurvey-0267m055-image.fits.fz  4.975256   9.013798   
...      ...    ...                                  ...       ...        ...   
41409   7759   7759  legacysurvey-0267m097-image.fits.fz  0.927698   2.323367   
41410   7761   7761  legacysurvey-0267m097-image.fits.fz  0.021620   0.163782   
41411   7763   7763  legacysurvey-0267m097-image.fits.fz  0.097634   0.143542   
41412   7767   7767  legacysurvey-0267m097-image.fits.fz  0.234619   0.391112   
41413   7769   7769  legacysurvey-0267m097-image.fits.fz  0.039774   0.293591   

          flux_z     x     y         ra       dec  type  
0      22.910582   967    34  26.797254 -5.628483  EXP   
1       8.695500   962    73  26.797641 -5.625607  REX   
2       4.078941   932   117  26.799828 -5.622403  REX   
3       2.364341   978    57  26.796466 -5.626809  REX   
4      13.551513  1058     0  26.790606 -5.630930  EXP   
...          ...   ...   ...        ...       ...   ...  
41409   3.712649  1987  3522  26.732593 -9.624581  REX   
41410   0.357528   601  3517  26.834893 -9.624991  REX   
41411   0.318315  3350  3521  26.632009 -9.624648  REX   
41412   0.414931   902  3533  26.812658 -9.623805  EXP   
41413   1.182975  2967  3535  26.660279 -9.623669  REX   

[41414 rows x 11 columns], plot_cmap=hot)
2020-10-04 12:42:21,075 - ERROR - No images found, Astronomaly cannot proceed.
2020-10-04 12:42:29,186 - INFO - ImageDataset(fits_index=None, window_size=128, window_shift=None, display_image_size=128, band_prefixes=[], bands_rgb={}, transform_function=None, display_transform_function=None, plot_square=False, catalogue=       index  objid                       original_image    flux_g     flux_r  \
0          0      0  legacysurvey-0267m055-image.fits.fz  4.599823  11.780396   
1          1      1  legacysurvey-0267m055-image.fits.fz  0.891017   2.780183   
2          2      2  legacysurvey-0267m055-image.fits.fz  0.676702   1.608683   
3          3      3  legacysurvey-0267m055-image.fits.fz  0.042543   0.319040   
4          4      4  legacysurvey-0267m055-image.fits.fz  4.975256   9.013798   
...      ...    ...                                  ...       ...        ...   
41409   7759   7759  legacysurvey-0267m097-image.fits.fz  0.927698   2.323367   
41410   7761   7761  legacysurvey-0267m097-image.fits.fz  0.021620   0.163782   
41411   7763   7763  legacysurvey-0267m097-image.fits.fz  0.097634   0.143542   
41412   7767   7767  legacysurvey-0267m097-image.fits.fz  0.234619   0.391112   
41413   7769   7769  legacysurvey-0267m097-image.fits.fz  0.039774   0.293591   

          flux_z     x     y         ra       dec  type  
0      22.910582   967    34  26.797254 -5.628483  EXP   
1       8.695500   962    73  26.797641 -5.625607  REX   
2       4.078941   932   117  26.799828 -5.622403  REX   
3       2.364341   978    57  26.796466 -5.626809  REX   
4      13.551513  1058     0  26.790606 -5.630930  EXP   
...          ...   ...   ...        ...       ...   ...  
41409   3.712649  1987  3522  26.732593 -9.624581  REX   
41410   0.357528   601  3517  26.834893 -9.624991  REX   
41411   0.318315  3350  3521  26.632009 -9.624648  REX   
41412   0.414931   902  3533  26.812658 -9.623805  EXP   
41413   1.182975  2967  3535  26.660279 -9.623669  REX   

[41414 rows x 11 columns], plot_cmap=hot)
2020-10-04 12:42:29,187 - ERROR - No images found, Astronomaly cannot proceed.
2020-10-04 12:43:55,477 - INFO - ImageDataset(fits_index=None, window_size=128, window_shift=None, display_image_size=128, band_prefixes=[], bands_rgb={}, transform_function=None, display_transform_function=None, plot_square=False, catalogue=       index  objid                       original_image    flux_g     flux_r  \
0          0      0  legacysurvey-0267m055-image.fits.fz  4.599823  11.780396   
1          1      1  legacysurvey-0267m055-image.fits.fz  0.891017   2.780183   
2          2      2  legacysurvey-0267m055-image.fits.fz  0.676702   1.608683   
3          3      3  legacysurvey-0267m055-image.fits.fz  0.042543   0.319040   
4          4      4  legacysurvey-0267m055-image.fits.fz  4.975256   9.013798   
...      ...    ...                                  ...       ...        ...   
41409   7759   7759  legacysurvey-0267m097-image.fits.fz  0.927698   2.323367   
41410   7761   7761  legacysurvey-0267m097-image.fits.fz  0.021620   0.163782   
41411   7763   7763  legacysurvey-0267m097-image.fits.fz  0.097634   0.143542   
41412   7767   7767  legacysurvey-0267m097-image.fits.fz  0.234619   0.391112   
41413   7769   7769  legacysurvey-0267m097-image.fits.fz  0.039774   0.293591   

          flux_z     x     y         ra       dec  type  
0      22.910582   967    34  26.797254 -5.628483  EXP   
1       8.695500   962    73  26.797641 -5.625607  REX   
2       4.078941   932   117  26.799828 -5.622403  REX   
3       2.364341   978    57  26.796466 -5.626809  REX   
4      13.551513  1058     0  26.790606 -5.630930  EXP   
...          ...   ...   ...        ...       ...   ...  
41409   3.712649  1987  3522  26.732593 -9.624581  REX   
41410   0.357528   601  3517  26.834893 -9.624991  REX   
41411   0.318315  3350  3521  26.632009 -9.624648  REX   
41412   0.414931   902  3533  26.812658 -9.623805  EXP   
41413   1.182975  2967  3535  26.660279 -9.623669  REX   

[41414 rows x 11 columns], plot_cmap=hot)
2020-10-04 12:43:55,478 - ERROR - No images found, Astronomaly cannot proceed.
2020-10-04 12:44:07,287 - INFO - ImageDataset(fits_index=True, window_size=128, window_shift=None, display_image_size=128, band_prefixes=[], bands_rgb={}, transform_function=None, display_transform_function=None, plot_square=False, catalogue=None, plot_cmap=hot)
2020-10-04 12:44:07,288 - ERROR - No images found, Astronomaly cannot proceed.
2020-10-04 12:44:10,285 - INFO - ImageDataset(fits_index=None, window_size=128, window_shift=None, display_image_size=128, band_prefixes=[], bands_rgb={}, transform_function=None, display_transform_function=None, plot_square=False, catalogue=/home/verlon/Desktop/Astronomaly/Data/Input/Coadd_0260/0260m062/test_catalogue_0260m062_500.csv, plot_cmap=hot)
2020-10-04 12:44:10,285 - ERROR - No images found, Astronomaly cannot proceed.
2020-10-04 12:44:19,667 - INFO - ImageDataset(fits_index=None, window_size=128, window_shift=None, display_image_size=128, band_prefixes=[], bands_rgb={}, transform_function=None, display_transform_function=None, plot_square=False, catalogue=/home/verlon/Desktop/Astronomaly/Data/Input/Coadd_0260/0260m062/test_catalogue_0260m062_500.csv, plot_cmap=hot)
2020-10-04 12:44:19,668 - ERROR - No images found, Astronomaly cannot proceed.
2020-10-04 12:45:26,504 - INFO - ImageDataset(fits_index=None, window_size=128, window_shift=None, display_image_size=128, band_prefixes=[], bands_rgb={}, transform_function=None, display_transform_function=None, plot_square=False, catalogue=/home/verlon/Desktop/Astronomaly/Data/Input/Coadd_0260/0260m062/test_catalogue_0260m062_500.csv, plot_cmap=hot)
2020-10-04 12:45:26,504 - ERROR - No images found, Astronomaly cannot proceed.
2020-10-04 12:45:34,683 - INFO - ImageDataset(fits_index=None, window_size=128, window_shift=None, display_image_size=128, band_prefixes=[], bands_rgb={}, transform_function=None, display_transform_function=None, plot_square=False, catalogue=     Unnamed: 0  objid                       original_image      flux_g  \
0           594    594  legacysurvey-0260m062-image.fits.fz  317.535095   
1          6095   6095  legacysurvey-0260m062-image.fits.fz  168.212524   
2          2709   2709  legacysurvey-0260m062-image.fits.fz   51.362320   
3          5667   5667  legacysurvey-0260m062-image.fits.fz   71.172943   
4          2471   2471  legacysurvey-0260m062-image.fits.fz   43.115738   
..          ...    ...                                  ...         ...   
495        6345   6345  legacysurvey-0260m062-image.fits.fz    0.981929   
496        4612   4612  legacysurvey-0260m062-image.fits.fz    1.468138   
497        2445   2445  legacysurvey-0260m062-image.fits.fz    0.865858   
498        3190   3190  legacysurvey-0260m062-image.fits.fz    0.940797   
499        8031   8031  legacysurvey-0260m062-image.fits.fz    0.053244   

         flux_r       flux_z     x     y         ra       dec  type  
0    720.682556  1307.191528   337   369  26.126581 -6.354089  DEV   
1    284.601593   412.424927   994  2486  26.078486 -6.199997  EXP   
2    146.547363   276.822815  3216  1209  25.915781 -6.292911  DEV   
3    143.411240   247.036163  1088  2359  26.071583 -6.209265  EXP   
4    121.118385   238.656158  2859  1137  25.941948 -6.298205  DEV   
..          ...          ...   ...   ...        ...       ...   ...  
495    2.535009     4.758138   292  2585  26.129869 -6.192759  REX   
496    3.162834     4.752346  3450  1864  25.898683 -6.245235  EXP   
497    2.835724     4.745888  1230  1161  26.061230 -6.296397  DEV   
498    2.619087     4.742189  2916  1365  25.937799 -6.281606  EXP   
499    0.661450     4.741834    35  3352  26.148690 -6.136935  REX   

[500 rows x 11 columns], plot_cmap=hot)
2020-10-04 12:45:34,683 - ERROR - No images found, Astronomaly cannot proceed.
2020-10-04 12:46:28,759 - INFO - ImageDataset(fits_index=None, window_size=128, window_shift=None, display_image_size=128, band_prefixes=[], bands_rgb={}, transform_function=None, display_transform_function=None, plot_square=False, catalogue=     Unnamed: 0  objid                       original_image      flux_g  \
0           594    594  legacysurvey-0260m062-image.fits.fz  317.535095   
1          6095   6095  legacysurvey-0260m062-image.fits.fz  168.212524   
2          2709   2709  legacysurvey-0260m062-image.fits.fz   51.362320   
3          5667   5667  legacysurvey-0260m062-image.fits.fz   71.172943   
4          2471   2471  legacysurvey-0260m062-image.fits.fz   43.115738   
..          ...    ...                                  ...         ...   
495        6345   6345  legacysurvey-0260m062-image.fits.fz    0.981929   
496        4612   4612  legacysurvey-0260m062-image.fits.fz    1.468138   
497        2445   2445  legacysurvey-0260m062-image.fits.fz    0.865858   
498        3190   3190  legacysurvey-0260m062-image.fits.fz    0.940797   
499        8031   8031  legacysurvey-0260m062-image.fits.fz    0.053244   

         flux_r       flux_z     x     y         ra       dec  type  
0    720.682556  1307.191528   337   369  26.126581 -6.354089  DEV   
1    284.601593   412.424927   994  2486  26.078486 -6.199997  EXP   
2    146.547363   276.822815  3216  1209  25.915781 -6.292911  DEV   
3    143.411240   247.036163  1088  2359  26.071583 -6.209265  EXP   
4    121.118385   238.656158  2859  1137  25.941948 -6.298205  DEV   
..          ...          ...   ...   ...        ...       ...   ...  
495    2.535009     4.758138   292  2585  26.129869 -6.192759  REX   
496    3.162834     4.752346  3450  1864  25.898683 -6.245235  EXP   
497    2.835724     4.745888  1230  1161  26.061230 -6.296397  DEV   
498    2.619087     4.742189  2916  1365  25.937799 -6.281606  EXP   
499    0.661450     4.741834    35  3352  26.148690 -6.136935  REX   

[500 rows x 11 columns], plot_cmap=hot)
2020-10-04 12:46:28,760 - ERROR - No images found, Astronomaly cannot proceed.
